<?xml version="1.0" encoding="UTF-8"?>
<testng-results ignored="0" total="0" passed="0" failed="0" skipped="0">
  <reporter-output>
  </reporter-output>
  <suite started-at="2022-04-26T13:23:31Z" name="mySuite" finished-at="2022-04-26T13:23:31Z" duration-ms="210">
    <groups>
    </groups>
    <test started-at="2022-04-26T13:23:31Z" name="Tests" finished-at="2022-04-26T13:23:31Z" duration-ms="210">
      <class name="com.api.controller.CustomerControllerTest">
        <test-method is-config="true" signature="setup()[pri:0, instance:com.api.controller.CustomerControllerTest@142eef62]" started-at="2022-04-26T13:23:31Z" name="setup" finished-at="2022-04-26T13:23:31Z" duration-ms="208" status="PASS">
          <reporter-output>
          </reporter-output>
        </test-method> <!-- setup -->
      </class> <!-- com.api.controller.CustomerControllerTest -->
    </test> <!-- Tests -->
  </suite> <!-- mySuite -->
</testng-results>
